13:54:10 **** Rebuild of configuration Debug for project Ejercicio_crear_fichero ****
Info: Internal Builder is used for build
g++ -O0 -g3 -Wall -c -fmessage-length=0 -o "src\\Ejercicio_crear_fichero.o" "..\\src\\Ejercicio_crear_fichero.cpp" 
g++ -o Ejercicio_crear_fichero.exe "src\\Ejercicio_crear_fichero.o" 
Info: Nothing to build for Ejercicio_crear_fichero
Info: Nothing to build for Ejercicio_crear_fichero
14:31:55 **** Incremental Build of configuration Debug for project Ejercicio_crear_fichero ****
Info: Internal Builder is used for build
g++ -std=c++0x -O0 -g3 -Wall -c -fmessage-length=0 -o "src\\Ejercicio_crear_fichero.o" "..\\src\\Ejercicio_crear_fichero.cpp" 
g++ -o Ejercicio_crear_fichero.exe "src\\Ejercicio_crear_fichero.o" 
Info: Nothing to build for Ejercicio_crear_fichero
Info: Nothing to build for Ejercicio_crear_fichero
14:39:20 **** Rebuild of configuration Debug for project Ejercicio_leer_fichero ****
Info: Internal Builder is used for build
g++ -O0 -g3 -Wall -c -fmessage-length=0 -o "src\\Ejercicio_leer_fichero.o" "..\\src\\Ejercicio_leer_fichero.cpp" 
g++ -o Ejercicio_leer_fichero.exe "src\\Ejercicio_leer_fichero.o" 
Info: Nothing to build for Ejercicio_leer_fichero
14:47:10 **** Rebuild of configuration Debug for project Ejercicio_append_text ****
Info: Internal Builder is used for build
g++ -O0 -g3 -Wall -c -fmessage-length=0 -o "src\\Ejercicio_append_text.o" "..\\src\\Ejercicio_append_text.cpp" 
..\src\Ejercicio_append_text.cpp: In function 'void append()':
..\src\Ejercicio_append_text.cpp:21:11: error: aggregate 'std::ofstream archivo' has incomplete type and cannot be defined
  ofstream archivo;
           ^~~~~~~
14:47:59 **** Incremental Build of configuration Debug for project Ejercicio_append_text ****
Info: Internal Builder is used for build
g++ -O0 -g3 -Wall -c -fmessage-length=0 -o "src\\Ejercicio_append_text.o" "..\\src\\Ejercicio_append_text.cpp" 
..\src\Ejercicio_append_text.cpp: In function 'int main()':
..\src\Ejercicio_append_text.cpp:16:9: error: expected primary-expression before ';' token
  append(;)
         ^
..\src\Ejercicio_append_text.cpp:16:10: error: expected primary-expression before ')' token
  append(;)
          ^
14:48:34 **** Incremental Build of configuration Debug for project Ejercicio_append_text ****
Info: Internal Builder is used for build
g++ -O0 -g3 -Wall -c -fmessage-length=0 -o "src\\Ejercicio_append_text.o" "..\\src\\Ejercicio_append_text.cpp" 
g++ -o Ejercicio_append_text.exe "src\\Ejercicio_append_text.o" 
Info: Nothing to build for Ejercicio_append_text
